[2023-05-24 13:26:52] P: -78.0 I: -0.0 D:-78.0 sum: -156.0 
[2023-05-24 13:26:52] Changing fan duty:		35 % 
[2023-05-24 13:26:52] gpu_temp: 31.00C power:    0W
[2023-05-24 13:27:25] P: -86.0 I: 0.0 D:-8.0 sum: -94.0 
[2023-05-24 13:27:25] Changing fan duty:		35 % 
[2023-05-24 13:27:25] gpu_temp: 27.00C power:  154W
[2023-05-24 13:27:56] P: -88.0 I: 0.0 D:-2.0 sum: -90.0 
[2023-05-24 13:27:56] Changing fan duty:		35 % 
[2023-05-24 13:27:56] gpu_temp: 26.00C power:  154W
[2023-05-24 13:28:28] P: -90.0 I: -0.0 D:-2.0 sum: -92.0 
[2023-05-24 13:28:28] Changing fan duty:		35 % 
[2023-05-24 13:28:28] gpu_temp: 25.00C power:    0W
[2023-05-24 13:29:00] P: -90.0 I: 0.0 D: 0.0 sum: -90.0 
[2023-05-24 13:29:00] Changing fan duty:		35 % 
[2023-05-24 13:29:00] gpu_temp: 25.00C power:  153W
[2023-05-24 13:29:31] P: -90.0 I: -0.0 D: 0.0 sum: -90.0 
[2023-05-24 13:29:31] Changing fan duty:		35 % 
[2023-05-24 13:29:31] gpu_temp: 25.00C power:  152W
[2023-05-24 13:30:02] P: -90.0 I: 0.0 D: 0.0 sum: -90.0 
[2023-05-24 13:30:02] Changing fan duty:		35 % 
[2023-05-24 13:30:02] gpu_temp: 25.00C power:  218W
[2023-05-24 13:30:34] P: -90.0 I: -0.0 D: 0.0 sum: -90.0 
[2023-05-24 13:30:34] Changing fan duty:		35 % 
[2023-05-24 13:30:34] gpu_temp: 25.00C power:  165W
[2023-05-24 13:31:05] P: -92.0 I: -0.0 D:-2.0 sum: -94.0 
[2023-05-24 13:31:05] Changing fan duty:		35 % 
[2023-05-24 13:31:05] gpu_temp: 24.00C power:  159W
[2023-05-24 13:31:36] P: -92.0 I: -0.0 D: 0.0 sum: -92.0 
[2023-05-24 13:31:36] Changing fan duty:		35 % 
[2023-05-24 13:31:36] gpu_temp: 24.00C power:  153W
[2023-05-24 13:32:07] P: -92.0 I: -0.0 D: 0.0 sum: -92.0 
[2023-05-24 13:32:07] Changing fan duty:		35 % 
[2023-05-24 13:32:07] gpu_temp: 24.00C power:  168W
[2023-05-24 13:32:39] P: -92.0 I: -0.0 D: 0.0 sum: -92.0 
[2023-05-24 13:32:39] Changing fan duty:		35 % 
[2023-05-24 13:32:39] gpu_temp: 24.00C power:  167W
[2023-05-24 13:33:10] P: -92.0 I: -0.0 D: 0.0 sum: -92.0 
[2023-05-24 13:33:10] Changing fan duty:		35 % 
[2023-05-24 13:33:10] gpu_temp: 24.00C power:  167W
[2023-05-24 13:33:41] P: -92.0 I: -0.0 D: 0.0 sum: -92.0 
[2023-05-24 13:33:41] Changing fan duty:		35 % 
[2023-05-24 13:33:41] gpu_temp: 24.00C power:  193W
[2023-05-24 13:34:13] P: -92.0 I: -0.0 D: 0.0 sum: -92.0 
[2023-05-24 13:34:13] Changing fan duty:		35 % 
[2023-05-24 13:34:13] gpu_temp: 24.00C power:  165W
[2023-05-24 13:34:44] P: -90.0 I: 0.0 D: 2.0 sum: -88.0 
[2023-05-24 13:34:44] Changing fan duty:		35 % 
[2023-05-24 13:34:44] gpu_temp: 25.00C power:  164W
[2023-05-24 13:35:15] P: -90.0 I: -0.0 D: 0.0 sum: -90.0 
[2023-05-24 13:35:15] Changing fan duty:		35 % 
[2023-05-24 13:35:15] gpu_temp: 25.00C power:    0W
[2023-05-24 13:35:47] P: -90.0 I: 0.0 D: 0.0 sum: -90.0 
[2023-05-24 13:35:47] Changing fan duty:		35 % 
[2023-05-24 13:35:47] gpu_temp: 25.00C power:  163W
[2023-05-24 13:36:18] P: -90.0 I: -0.0 D: 0.0 sum: -90.0 
[2023-05-24 13:36:18] Changing fan duty:		35 % 
[2023-05-24 13:36:18] gpu_temp: 25.00C power:  166W
[2023-05-24 13:36:49] P: -90.0 I: 0.0 D: 0.0 sum: -90.0 
[2023-05-24 13:36:49] Changing fan duty:		35 % 
[2023-05-24 13:36:49] gpu_temp: 25.00C power:    0W
[2023-05-24 13:37:22] P: -90.0 I: -0.0 D: 0.0 sum: -90.0 
[2023-05-24 13:37:22] Changing fan duty:		35 % 
[2023-05-24 13:37:22] gpu_temp: 25.00C power:  163W
[2023-05-24 13:37:53] P: -90.0 I: 0.0 D: 0.0 sum: -90.0 
[2023-05-24 13:37:53] Changing fan duty:		35 % 
[2023-05-24 13:37:53] gpu_temp: 25.00C power:  165W
[2023-05-24 13:38:24] P: -90.0 I: -0.0 D: 0.0 sum: -90.0 
[2023-05-24 13:38:24] Changing fan duty:		35 % 
[2023-05-24 13:38:24] gpu_temp: 25.00C power:  165W
[2023-05-24 13:38:55] P: -90.0 I: 0.0 D: 0.0 sum: -90.0 
[2023-05-24 13:38:55] Changing fan duty:		35 % 
[2023-05-24 13:38:55] gpu_temp: 25.00C power:  164W
[2023-05-24 13:39:26] P: -90.0 I: -0.0 D: 0.0 sum: -90.0 
[2023-05-24 13:39:26] Changing fan duty:		35 % 
[2023-05-24 13:39:26] gpu_temp: 25.00C power:  163W
[2023-05-24 13:39:57] P: -90.0 I: 0.0 D: 0.0 sum: -90.0 
[2023-05-24 13:39:57] Changing fan duty:		35 % 
[2023-05-24 13:39:57] gpu_temp: 25.00C power:  165W
[2023-05-24 13:40:29] P: -90.0 I: -0.0 D: 0.0 sum: -90.0 
[2023-05-24 13:40:29] Changing fan duty:		35 % 
[2023-05-24 13:40:29] gpu_temp: 25.00C power:  165W
[2023-05-24 13:41:00] P: -90.0 I: 0.0 D: 0.0 sum: -90.0 
[2023-05-24 13:41:00] Changing fan duty:		35 % 
[2023-05-24 13:41:00] gpu_temp: 25.00C power:  165W
[2023-05-24 13:41:31] P: -90.0 I: -0.0 D: 0.0 sum: -90.0 
[2023-05-24 13:41:31] Changing fan duty:		35 % 
[2023-05-24 13:41:31] gpu_temp: 25.00C power:    0W
[2023-05-24 13:42:03] P: -90.0 I: 0.0 D: 0.0 sum: -90.0 
[2023-05-24 13:42:03] Changing fan duty:		35 % 
[2023-05-24 13:42:03] gpu_temp: 25.00C power:  165W
[2023-05-24 13:42:34] P: -90.0 I: -0.0 D: 0.0 sum: -90.0 
[2023-05-24 13:42:34] Changing fan duty:		35 % 
[2023-05-24 13:42:34] gpu_temp: 25.00C power:  165W
[2023-05-24 13:43:06] P: -90.0 I: 0.0 D: 0.0 sum: -90.0 
[2023-05-24 13:43:06] Changing fan duty:		35 % 
[2023-05-24 13:43:06] gpu_temp: 25.00C power:  164W
[2023-05-24 13:43:37] P: -90.0 I: -0.0 D: 0.0 sum: -90.0 
[2023-05-24 13:43:37] Changing fan duty:		35 % 
[2023-05-24 13:43:37] gpu_temp: 25.00C power:  164W
[2023-05-24 13:44:08] P: -90.0 I: 0.0 D: 0.0 sum: -90.0 
[2023-05-24 13:44:08] Changing fan duty:		35 % 
[2023-05-24 13:44:08] gpu_temp: 25.00C power:  164W
[2023-05-24 13:44:39] P: -90.0 I: -0.0 D: 0.0 sum: -90.0 
[2023-05-24 13:44:39] Changing fan duty:		35 % 
[2023-05-24 13:44:39] gpu_temp: 25.00C power:  165W
[2023-05-24 13:45:10] P: -90.0 I: 0.0 D: 0.0 sum: -90.0 
[2023-05-24 13:45:10] Changing fan duty:		35 % 
[2023-05-24 13:45:10] gpu_temp: 25.00C power:  170W
[2023-05-24 13:45:41] P: -90.0 I: -0.0 D: 0.0 sum: -90.0 
[2023-05-24 13:45:41] Changing fan duty:		35 % 
[2023-05-24 13:45:41] gpu_temp: 25.00C power:  165W
[2023-05-24 13:46:13] P: -90.0 I: 0.0 D: 0.0 sum: -90.0 
[2023-05-24 13:46:13] Changing fan duty:		35 % 
[2023-05-24 13:46:13] gpu_temp: 25.00C power:  165W
[2023-05-24 13:46:44] P: -90.0 I: -0.0 D: 0.0 sum: -90.0 
[2023-05-24 13:46:44] Changing fan duty:		35 % 
[2023-05-24 13:46:44] gpu_temp: 25.00C power:  165W
[2023-05-24 13:47:15] P: -90.0 I: 0.0 D: 0.0 sum: -90.0 
[2023-05-24 13:47:15] Changing fan duty:		35 % 
[2023-05-24 13:47:15] gpu_temp: 25.00C power:  164W
[2023-05-24 13:47:46] P: -90.0 I: -0.0 D: 0.0 sum: -90.0 
[2023-05-24 13:47:46] Changing fan duty:		35 % 
[2023-05-24 13:47:46] gpu_temp: 25.00C power:  164W
[2023-05-24 13:48:17] P: -90.0 I: 0.0 D: 0.0 sum: -90.0 
[2023-05-24 13:48:17] Changing fan duty:		35 % 
[2023-05-24 13:48:17] gpu_temp: 25.00C power:  166W
[2023-05-24 13:48:48] P: -90.0 I: -0.0 D: 0.0 sum: -90.0 
[2023-05-24 13:48:48] Changing fan duty:		35 % 
[2023-05-24 13:48:48] gpu_temp: 25.00C power:    0W
[2023-05-24 13:49:20] P: -90.0 I: 0.0 D: 0.0 sum: -90.0 
[2023-05-24 13:49:20] Changing fan duty:		35 % 
[2023-05-24 13:49:20] gpu_temp: 25.00C power:  164W
[2023-05-24 13:49:52] P: -90.0 I: -0.0 D: 0.0 sum: -90.0 
[2023-05-24 13:49:52] Changing fan duty:		35 % 
[2023-05-24 13:49:52] gpu_temp: 25.00C power:  164W
[2023-05-24 13:50:23] P: -90.0 I: 0.0 D: 0.0 sum: -90.0 
[2023-05-24 13:50:23] Changing fan duty:		35 % 
[2023-05-24 13:50:23] gpu_temp: 25.00C power:  168W
[2023-05-24 13:50:54] P: -90.0 I: -0.0 D: 0.0 sum: -90.0 
[2023-05-24 13:50:54] Changing fan duty:		35 % 
[2023-05-24 13:50:54] gpu_temp: 25.00C power:  164W
[2023-05-24 13:51:25] P: -90.0 I: 0.0 D: 0.0 sum: -90.0 
[2023-05-24 13:51:25] Changing fan duty:		35 % 
[2023-05-24 13:51:25] gpu_temp: 25.00C power:  165W
[2023-05-24 13:51:57] P: -90.0 I: -0.0 D: 0.0 sum: -90.0 
[2023-05-24 13:51:57] Changing fan duty:		35 % 
[2023-05-24 13:51:57] gpu_temp: 25.00C power:  165W
[2023-05-24 13:52:28] P: -90.0 I: 0.0 D: 0.0 sum: -90.0 
[2023-05-24 13:52:28] Changing fan duty:		35 % 
[2023-05-24 13:52:28] gpu_temp: 25.00C power:    0W
[2023-05-24 13:53:00] P: -90.0 I: -0.0 D: 0.0 sum: -90.0 
[2023-05-24 13:53:00] Changing fan duty:		35 % 
[2023-05-24 13:53:00] gpu_temp: 25.00C power:  164W
[2023-05-24 13:53:31] P: -90.0 I: 0.0 D: 0.0 sum: -90.0 
[2023-05-24 13:53:31] Changing fan duty:		35 % 
[2023-05-24 13:53:31] gpu_temp: 25.00C power:  165W
[2023-05-24 13:54:02] P: -90.0 I: -0.0 D: 0.0 sum: -90.0 
[2023-05-24 13:54:02] Changing fan duty:		35 % 
[2023-05-24 13:54:02] gpu_temp: 25.00C power:  164W
[2023-05-24 13:54:33] P: -90.0 I: 0.0 D: 0.0 sum: -90.0 
[2023-05-24 13:54:33] Changing fan duty:		35 % 
[2023-05-24 13:54:33] gpu_temp: 25.00C power:  164W
[2023-05-24 13:55:05] P: -90.0 I: -0.0 D: 0.0 sum: -90.0 
[2023-05-24 13:55:05] Changing fan duty:		35 % 
[2023-05-24 13:55:05] gpu_temp: 25.00C power:  165W
[2023-05-24 13:55:36] P: -90.0 I: 0.0 D: 0.0 sum: -90.0 
[2023-05-24 13:55:36] Changing fan duty:		35 % 
[2023-05-24 13:55:36] gpu_temp: 25.00C power:  166W
[2023-05-24 13:56:07] P: -90.0 I: -0.0 D: 0.0 sum: -90.0 
[2023-05-24 13:56:07] Changing fan duty:		35 % 
[2023-05-24 13:56:07] gpu_temp: 25.00C power:  170W
[2023-05-24 13:56:38] P: -90.0 I: 0.0 D: 0.0 sum: -90.0 
[2023-05-24 13:56:38] Changing fan duty:		35 % 
[2023-05-24 13:56:38] gpu_temp: 25.00C power:  153W
[2023-05-24 13:57:10] P: -90.0 I: -0.0 D: 0.0 sum: -90.0 
[2023-05-24 13:57:10] Changing fan duty:		35 % 
[2023-05-24 13:57:10] gpu_temp: 25.00C power:  153W
[2023-05-24 13:57:41] P: -90.0 I: 0.0 D: 0.0 sum: -90.0 
[2023-05-24 13:57:41] Changing fan duty:		35 % 
[2023-05-24 13:57:41] gpu_temp: 25.00C power:  153W
[2023-05-24 13:58:12] P: -90.0 I: -0.0 D: 0.0 sum: -90.0 
[2023-05-24 13:58:12] Changing fan duty:		35 % 
[2023-05-24 13:58:12] gpu_temp: 25.00C power:  153W
[2023-05-24 13:58:43] P: -90.0 I: 0.0 D: 0.0 sum: -90.0 
[2023-05-24 13:58:43] Changing fan duty:		35 % 
[2023-05-24 13:58:43] gpu_temp: 25.00C power:  151W
[2023-05-24 13:59:15] P: -90.0 I: -0.0 D: 0.0 sum: -90.0 
[2023-05-24 13:59:15] Changing fan duty:		35 % 
[2023-05-24 13:59:15] gpu_temp: 25.00C power:  193W
[2023-05-24 13:59:46] P: -90.0 I: 0.0 D: 0.0 sum: -90.0 
[2023-05-24 13:59:46] Changing fan duty:		35 % 
[2023-05-24 13:59:46] gpu_temp: 25.00C power:  153W
[2023-05-24 14:00:17] P: -90.0 I: -0.0 D: 0.0 sum: -90.0 
[2023-05-24 14:00:17] Changing fan duty:		35 % 
[2023-05-24 14:00:17] gpu_temp: 25.00C power:  152W
[2023-05-24 14:00:48] P: -90.0 I: 0.0 D: 0.0 sum: -90.0 
[2023-05-24 14:00:48] Changing fan duty:		35 % 
[2023-05-24 14:00:48] gpu_temp: 25.00C power:  154W
[2023-05-24 14:01:19] P: -90.0 I: -0.0 D: 0.0 sum: -90.0 
[2023-05-24 14:01:19] Changing fan duty:		35 % 
[2023-05-24 14:01:19] gpu_temp: 25.00C power:  153W
[2023-05-24 14:01:51] P: -90.0 I: 0.0 D: 0.0 sum: -90.0 
[2023-05-24 14:01:51] Changing fan duty:		35 % 
[2023-05-24 14:01:51] gpu_temp: 25.00C power:  155W
[2023-05-24 14:02:22] P: -90.0 I: -0.0 D: 0.0 sum: -90.0 
[2023-05-24 14:02:22] Changing fan duty:		35 % 
[2023-05-24 14:02:22] gpu_temp: 25.00C power:  152W
[2023-05-24 14:02:53] P: -90.0 I: 0.0 D: 0.0 sum: -90.0 
[2023-05-24 14:02:53] Changing fan duty:		35 % 
[2023-05-24 14:02:53] gpu_temp: 25.00C power:  169W
[2023-05-24 14:03:24] P: -90.0 I: -0.0 D: 0.0 sum: -90.0 
[2023-05-24 14:03:24] Changing fan duty:		35 % 
[2023-05-24 14:03:24] gpu_temp: 25.00C power:  153W
[2023-05-24 14:03:55] P: -90.0 I: 0.0 D: 0.0 sum: -90.0 
[2023-05-24 14:03:55] Changing fan duty:		35 % 
[2023-05-24 14:03:55] gpu_temp: 25.00C power:  152W
[2023-05-24 14:04:26] P: -90.0 I: -0.0 D: 0.0 sum: -90.0 
[2023-05-24 14:04:26] Changing fan duty:		35 % 
[2023-05-24 14:04:26] gpu_temp: 25.00C power:  154W
[2023-05-24 14:04:57] P: -90.0 I: 0.0 D: 0.0 sum: -90.0 
[2023-05-24 14:04:57] Changing fan duty:		35 % 
[2023-05-24 14:04:57] gpu_temp: 25.00C power:  152W
[2023-05-24 14:05:29] P: -90.0 I: -0.0 D: 0.0 sum: -90.0 
[2023-05-24 14:05:29] Changing fan duty:		35 % 
[2023-05-24 14:05:29] gpu_temp: 25.00C power:  152W
[2023-05-24 14:06:00] P: -90.0 I: 0.0 D: 0.0 sum: -90.0 
[2023-05-24 14:06:00] Changing fan duty:		35 % 
[2023-05-24 14:06:00] gpu_temp: 25.00C power:  152W
[2023-05-24 14:06:31] P: -90.0 I: -0.0 D: 0.0 sum: -90.0 
[2023-05-24 14:06:31] Changing fan duty:		35 % 
[2023-05-24 14:06:31] gpu_temp: 25.00C power:    0W
[2023-05-24 14:07:03] P: -90.0 I: 0.0 D: 0.0 sum: -90.0 
[2023-05-24 14:07:03] Changing fan duty:		35 % 
[2023-05-24 14:07:03] gpu_temp: 25.00C power:  154W
[2023-05-24 14:07:35] P: -90.0 I: -0.0 D: 0.0 sum: -90.0 
[2023-05-24 14:07:35] Changing fan duty:		35 % 
[2023-05-24 14:07:35] gpu_temp: 25.00C power:  153W
[2023-05-24 14:08:06] P: -58.0 I: 0.0 D: 32.0 sum: -26.0 
[2023-05-24 14:08:06] Changing fan duty:		35 % 
[2023-05-24 14:08:06] gpu_temp: 41.00C power:  957W
[2023-05-24 14:08:36] P: -34.0 I: -0.0 D: 24.0 sum: -10.0 
[2023-05-24 14:08:36] Changing fan duty:		35 % 
[2023-05-24 14:08:36] gpu_temp: 53.00C power: 1381W
[2023-05-24 14:09:06] P: -26.0 I: 0.0 D: 8.0 sum: -18.0 
[2023-05-24 14:09:06] Changing fan duty:		35 % 
[2023-05-24 14:09:06] gpu_temp: 57.00C power:    0W
[2023-05-24 14:09:38] P: -20.0 I: 0.0 D: 6.0 sum: -14.0 
[2023-05-24 14:09:38] Changing fan duty:		35 % 
[2023-05-24 14:09:38] gpu_temp: 60.00C power: 1386W
[2023-05-24 14:10:08] P: -18.0 I: -0.0 D: 2.0 sum: -16.0 
[2023-05-24 14:10:08] Changing fan duty:		35 % 
[2023-05-24 14:10:08] gpu_temp: 61.00C power: 1387W
[2023-05-24 14:10:39] P: -18.0 I: 0.0 D: 0.0 sum: -18.0 
[2023-05-24 14:10:39] Changing fan duty:		35 % 
[2023-05-24 14:10:39] gpu_temp: 61.00C power: 1389W
[2023-05-24 14:11:09] P: -16.0 I: 0.0 D: 2.0 sum: -14.0 
[2023-05-24 14:11:09] Changing fan duty:		35 % 
[2023-05-24 14:11:09] gpu_temp: 62.00C power: 1389W
[2023-05-24 14:11:39] P: -18.0 I: -0.0 D:-2.0 sum: -20.0 
[2023-05-24 14:11:39] Changing fan duty:		35 % 
[2023-05-24 14:11:39] gpu_temp: 61.00C power: 1389W
[2023-05-24 14:12:10] P: -16.0 I: -0.0 D: 2.0 sum: -14.0 
[2023-05-24 14:12:10] Changing fan duty:		35 % 
[2023-05-24 14:12:10] gpu_temp: 62.00C power: 1391W
[2023-05-24 14:12:40] P: -16.0 I: -0.0 D: 0.0 sum: -16.0 
[2023-05-24 14:12:40] Changing fan duty:		35 % 
